id,title,state,created_at,updated_at,closed_at,body,user,url
MDU6SXNzdWUyNDYzNDI1MzA=,Issues with installing the module,CLOSED,2017-07-28T13:08:06Z,2019-01-07T09:57:29Z,2019-01-07T09:57:29Z,"Hi Michael,

I have been trying to install RNAaliSplit on my ubuntu 16.04  laptop. Unfortunately it's challenging because of the dependencies I guess. It would be really great if you could offer a bioconda package for the tool. This should resolve the issues with dependencies, since viennarna, rnaz and rscape are already available in bioconda channel.

Using the cpan installer currently it fails at this step. :

```
#   Failed test 'use Bio::RNA::RNAaliSplit::WrapRNAz;'
#   at t/00-load.t line 14.
#     Tried to use 'Bio::RNA::RNAaliSplit::WrapRNAz'.
#     Error:  Can't locate Moose.pm in @INC (you may need to install the Moose module) (@INC contains: /home/milad/.cpan/build/Bio-RNA-RNAaliSplit-v0.05-MJr5Jh/blib/lib /home/milad/.cpan/build/Bio-RNA-RNAaliSplit-v0.05-MJr5Jh/blib/arch /home/milad/software/ViennaRNA_2_3_4/lib/ /home/milad/software/ViennaRNA_2_3_4/ /home/milad/software/ViennaRNA_2_3_4/lib/ /home/milad/software/ViennaRNA_2_3_4/ /etc/perl /usr/local/lib/x86_64-linux-gnu/perl/5.22.1 /usr/local/share/perl/5.22.1 /usr/lib/x86_64-linux-gnu/perl5/5.22 /usr/share/perl5 /usr/lib/x86_64-linux-gnu/perl/5.22 /usr/share/perl/5.22 /usr/local/lib/site_perl /usr/lib/x86_64-linux-gnu/perl-base) at /home/milad/.cpan/build/Bio-RNA-RNAaliSplit-v0.05-MJr5Jh/blib/lib/Bio/RNA/RNAaliSplit/WrapRNAz.pm line 15.
# BEGIN failed--compilation aborted at /home/milad/.cpan/build/Bio-RNA-RNAaliSplit-v0.05-MJr5Jh/blib/lib/Bio/RNA/RNAaliSplit/WrapRNAz.pm line 15.
# Compilation failed in require at t/00-load.t line 14.
# BEGIN failed--compilation aborted at t/00-load.t line 14.
# Testing Vienna RNA 2.3.4, Perl 5.022001, /usr/bin/perl
Use of uninitialized value $Bio::RNA::RNAaliSplit::VERSION in concatenation (.) or string at t/00-load.t line 18.
# Testing Bio::RNA::RNAaliSplit , Perl 5.022001, /usr/bin/perl
Use of uninitialized value $Bio::RNA::RNAaliSplit::Roles::VERSION in concatenation (.) or string at t/00-load.t line 19.
# Testing Bio::RNA::RNAaliSplit::FileDir , Perl 5.022001, /usr/bin/perl
Use of uninitialized value $Bio::RNA::RNAaliSplit::WrapAnalyseDists::VERSION in concatenation (.) or string at t/00-load.t line 20.
# Testing Bio::RNA::RNAaliSplit::WrapAnalyseDists , Perl 5.022001, /usr/bin/perl
Use of uninitialized value $Bio::RNA::RNAaliSplit::WrapRNAalifold::VERSION in concatenation (.) or string at t/00-load.t line 21.
# Testing Bio::RNA::RNAaliSplit::WrapRNAalifold , Perl 5.022001, /usr/bin/perl
Use of uninitialized value $Bio::RNA::RNAaliSplit::WrapRNAz::VERSION in concatenation (.) or string at t/00-load.t line 22.
# Testing Bio::RNA::RNAaliSplit::WrapRNAz , Perl 5.022001, /usr/bin/perl

#   Failed test 'Bail out! AnalyseDists not found'
#   at t/00-load.t line 25.

#   Failed test 'Bail out! RNAz not found'
#   at t/00-load.t line 27.
# Looks like you failed 7 tests of 10.
FAILED--Further testing stopped: Cannot load Bio::RNA::RNAaliSplit
Makefile:900: recipe for target 'test_dynamic' failed
make: *** [test_dynamic] Error 7
  MTW/Bio-RNA-RNAaliSplit-v0.05.tar.gz
11 dependencies missing (Path::Class,Array::Set,Bio::Root::Version,Moose,Moose::Role,FileDirUtil,Moose::Util::TypeConstraints,Bio::AlignIO,Path::Class::Dir,namespace::autoclean,Test::Prereq); additionally test harness failed
  /usr/bin/make test -- NOT OK
//hint// to see the cpan-testers results for installing this module, try:
  reports MTW/Bio-RNA-RNAaliSplit-v0.05.tar.gz

``` ",mmiladi,https://github.com/mtw/Bio-RNA-RNAaliSplit/issues/1
